2025-04-15 11:28:35,181 Marioe hadir pada 2025-04-15 11:28:35 (Terlambat)
2025-04-15 11:28:41,038 Marioe hadir pada 2025-04-15 11:28:41 (Terlambat)
2025-04-15 11:28:46,127 Kresna hadir pada 2025-04-15 11:28:46 (Terlambat)
2025-04-15 11:31:50,841 Kresna hadir pada 2025-04-15 11:31:50 (Terlambat)
2025-04-15 11:31:55,572 Marioe hadir pada 2025-04-15 11:31:55 (Terlambat)
2025-04-15 11:33:22,430 Kresna hadir pada 2025-04-15 11:33:22 (Terlambat)
2025-04-15 13:51:57,670 Bintang hadir pada 2025-04-15 13:51:57 (Terlambat)
2025-04-15 13:52:08,799 Bintang hadir pada 2025-04-15 13:52:08 (Terlambat)
2025-04-15 13:52:09,785 Marioe hadir pada 2025-04-15 13:52:09 (Terlambat)
2025-04-15 13:52:14,457 Marioe hadir pada 2025-04-15 13:52:14 (Terlambat)
2025-04-15 13:52:20,747 Bintang hadir pada 2025-04-15 13:52:20 (Terlambat)
2025-04-15 13:52:28,511 Bintang hadir pada 2025-04-15 13:52:28 (Terlambat)
2025-04-15 13:52:30,306 Marioe hadir pada 2025-04-15 13:52:30 (Terlambat)
2025-04-15 13:52:37,776 Marioe hadir pada 2025-04-15 13:52:37 (Terlambat)
2025-04-15 13:52:42,426 Immanuel hadir pada 2025-04-15 13:52:42 (Terlambat)
2025-04-15 13:52:45,430 Kresna hadir pada 2025-04-15 13:52:45 (Terlambat)
2025-04-15 13:54:41,312 Immanuel hadir pada 2025-04-15 13:54:41 (Terlambat)
2025-04-15 13:54:43,868 Marioe hadir pada 2025-04-15 13:54:43 (Terlambat)
2025-04-15 13:54:46,297 Kresna hadir pada 2025-04-15 13:54:46 (Terlambat)
2025-04-15 13:54:53,426 Immanuel hadir pada 2025-04-15 13:54:53 (Terlambat)
2025-04-15 13:54:54,986 Marioe hadir pada 2025-04-15 13:54:54 (Terlambat)
2025-04-15 13:54:59,880 Marioe hadir pada 2025-04-15 13:54:59 (Terlambat)
2025-04-15 13:55:04,049 Marioe hadir pada 2025-04-15 13:55:04 (Terlambat)
2025-04-15 13:55:08,105 Marioe hadir pada 2025-04-15 13:55:08 (Terlambat)
2025-04-15 13:55:15,962 Marioe hadir pada 2025-04-15 13:55:15 (Terlambat)
2025-04-15 13:55:22,931 Marioe hadir pada 2025-04-15 13:55:22 (Terlambat)
2025-04-15 13:55:28,877 Marioe hadir pada 2025-04-15 13:55:28 (Terlambat)
2025-04-15 13:55:36,646 Marioe hadir pada 2025-04-15 13:55:36 (Terlambat)
2025-04-15 13:55:48,861 Marioe hadir pada 2025-04-15 13:55:48 (Terlambat)
2025-04-15 13:55:54,933 Marioe hadir pada 2025-04-15 13:55:54 (Terlambat)
2025-04-15 13:56:04,422 Marioe hadir pada 2025-04-15 13:56:04 (Terlambat)
2025-04-15 14:03:53,284 Marioe hadir pada 2025-04-15 14:03:53 (Terlambat)
2025-04-15 14:04:02,001 Marioe hadir pada 2025-04-15 14:04:02 (Terlambat)
2025-04-15 14:04:06,327 Marioe hadir pada 2025-04-15 14:04:06 (Terlambat)
2025-04-15 14:21:09,818 Marioe hadir pada 2025-04-15 14:21:09 (Terlambat)
2025-04-15 14:25:04,286 Marioe hadir pada 2025-04-15 14:25:04 (Tepat Waktu)
2025-04-15 14:25:20,570 Marioe hadir pada 2025-04-15 14:25:20 (Terlambat)
2025-04-15 14:35:22,080 Marioe hadir pada 2025-04-15 14:35:22 (Terlambat)
2025-04-15 14:42:45,608 Marioe hadir pada 2025-04-15 14:42:45 (Terlambat)
2025-04-15 14:43:35,938 Marioe hadir pada 2025-04-15 14:43:35 (Terlambat)
2025-04-15 14:46:05,112 Marioe hadir pada 2025-04-15 14:46:05 (Terlambat)
2025-04-15 15:41:20,734 Marioe hadir pada 2025-04-15 15:41:20 (Terlambat)
2025-04-15 15:46:21,893 Marioe hadir pada 2025-04-15 15:46:21 (Terlambat)
2025-04-15 15:46:39,961 Marioe hadir pada 2025-04-15 15:46:39 (Terlambat)
2025-04-15 15:58:10,475 Marioe hadir pada 2025-04-15 15:58:10 (Terlambat)
2025-04-15 16:09:08,843 Marioe hadir pada 2025-04-15 16:09:08 (Tepat Waktu)
2025-04-15 16:09:15,604 Marioe hadir pada 2025-04-15 16:09:15 (Tepat Waktu)
2025-04-15 16:45:03,878 Marioe hadir pada 2025-04-15 16:45:03 (Terlambat)
2025-04-15 21:04:50,954 Marioe hadir pada 2025-04-15 21:04:50 (Terlambat)
2025-04-15 21:05:01,759 Marioe hadir pada 2025-04-15 21:05:01 (Terlambat)
2025-04-15 21:05:59,943 Marioe hadir pada 2025-04-15 21:05:59 (Tepat Waktu)
2025-04-15 21:07:02,991 Marioe hadir pada 2025-04-15 21:07:02 (Tepat Waktu)
2025-04-15 21:07:18,634 Marioe hadir pada 2025-04-15 21:07:18 (Terlambat)
2025-04-15 21:22:02,156 Marioe hadir pada 2025-04-15 21:22:02 (Terlambat)
2025-04-15 21:22:09,196 Marioe hadir pada 2025-04-15 21:22:09 (Terlambat)
2025-04-15 21:24:56,241 Marioe hadir pada 2025-04-15 21:24:56 (Terlambat)
2025-04-15 21:25:25,834 Marioe hadir pada 2025-04-15 21:25:25 (Terlambat)
2025-04-15 21:43:39,410 Marioe hadir pada 2025-04-15 21:43:39 (Terlambat)
2025-04-15 21:43:54,568 Marioe hadir pada 2025-04-15 21:43:54 (Terlambat)
2025-04-15 21:45:09,227 Andra hadir pada 2025-04-15 21:45:09 (Terlambat)
2025-04-15 21:45:14,842 Immanuel hadir pada 2025-04-15 21:45:14 (Terlambat)
2025-04-15 21:45:16,776 Marioe hadir pada 2025-04-15 21:45:16 (Terlambat)
2025-04-15 21:45:18,229 Kresna hadir pada 2025-04-15 21:45:18 (Terlambat)
2025-04-15 21:45:25,046 Marioe hadir pada 2025-04-15 21:45:25 (Terlambat)
2025-04-15 21:45:36,385 Andra hadir pada 2025-04-15 21:45:36 (Terlambat)
2025-04-15 21:45:40,506 Marioe hadir pada 2025-04-15 21:45:40 (Terlambat)
2025-04-15 21:47:42,007 Immanuel hadir pada 2025-04-15 21:47:42 (Terlambat)
2025-04-15 21:47:44,356 Marioe hadir pada 2025-04-15 21:47:44 (Terlambat)
2025-04-15 21:47:49,578 Marioe hadir pada 2025-04-15 21:47:49 (Terlambat)
2025-04-15 21:48:02,474 Sasa hadir pada 2025-04-15 21:48:02 (Terlambat)
2025-04-15 21:48:23,481 Sasa hadir pada 2025-04-15 21:48:23 (Terlambat)
2025-04-15 21:48:39,200 Immanuel hadir pada 2025-04-15 21:48:39 (Terlambat)
2025-04-15 21:48:45,873 Marioe hadir pada 2025-04-15 21:48:45 (Terlambat)
2025-04-15 21:48:58,540 Andra hadir pada 2025-04-15 21:48:58 (Terlambat)
2025-04-15 22:49:53,162 Immanuel hadir pada 2025-04-15 22:49:53 (Terlambat)
2025-04-15 22:49:55,135 Nailah hadir pada 2025-04-15 22:49:55 (Terlambat)
2025-04-15 22:49:57,010 Marioe hadir pada 2025-04-15 22:49:57 (Terlambat)
2025-04-15 22:50:02,119 Marioe hadir pada 2025-04-15 22:50:02 (Terlambat)
2025-04-15 22:50:11,905 Nailah hadir pada 2025-04-15 22:50:11 (Terlambat)
2025-04-15 22:50:14,082 Kresna hadir pada 2025-04-15 22:50:14 (Terlambat)
2025-04-15 22:50:15,422 Marioe hadir pada 2025-04-15 22:50:15 (Terlambat)
2025-04-15 22:50:24,092 Marioe hadir pada 2025-04-15 22:50:24 (Terlambat)
2025-04-15 22:50:32,577 Nailah hadir pada 2025-04-15 22:50:32 (Terlambat)
2025-04-15 22:50:35,521 Marioe hadir pada 2025-04-15 22:50:35 (Terlambat)
2025-04-15 22:52:32,374 Marioe hadir pada 2025-04-15 22:52:32 (Terlambat)
2025-04-15 22:52:42,476 Nailah hadir pada 2025-04-15 22:52:42 (Terlambat)
2025-04-15 22:52:45,516 Marioe hadir pada 2025-04-15 22:52:45 (Terlambat)
2025-04-15 22:53:06,104 Immanuel hadir pada 2025-04-15 22:53:06 (Terlambat)
2025-04-15 22:53:08,514 Sasa hadir pada 2025-04-15 22:53:08 (Terlambat)
2025-04-15 22:53:09,933 Nailah hadir pada 2025-04-15 22:53:09 (Terlambat)
2025-04-15 22:53:18,788 Sasa hadir pada 2025-04-15 22:53:18 (Terlambat)
2025-04-15 22:53:24,572 Kresna hadir pada 2025-04-15 22:53:24 (Terlambat)
2025-04-15 22:53:26,175 Marioe hadir pada 2025-04-15 22:53:26 (Terlambat)
2025-04-15 22:53:31,609 Kresna hadir pada 2025-04-15 22:53:31 (Terlambat)
2025-04-15 22:53:33,944 Marioe hadir pada 2025-04-15 22:53:33 (Terlambat)
2025-04-15 22:53:40,032 Marioe hadir pada 2025-04-15 22:53:40 (Terlambat)
2025-04-17 11:03:00,115 Kresna hadir pada 2025-04-17 11:03:00 (Terlambat)
2025-04-17 11:03:02,575 Marioe hadir pada 2025-04-17 11:03:02 (Terlambat)
2025-04-17 11:03:08,158 Marioe hadir pada 2025-04-17 11:03:08 (Terlambat)
2025-04-17 11:03:13,322 Marioe hadir pada 2025-04-17 11:03:13 (Terlambat)
2025-04-17 11:30:21,223 Marioe hadir pada 2025-04-17 11:30:21 (Terlambat)
2025-04-17 11:30:28,518 Kresna hadir pada 2025-04-17 11:30:28 (Terlambat)
2025-04-17 11:30:36,037 Marioe hadir pada 2025-04-17 11:30:36 (Terlambat)
2025-04-17 11:30:42,984 Kresna hadir pada 2025-04-17 11:30:42 (Terlambat)
2025-04-17 11:31:11,369 Marioe hadir pada 2025-04-17 11:31:11 (Terlambat)
2025-04-17 11:57:55,432 Marioe hadir pada 2025-04-17 11:57:55 (Terlambat)
2025-04-17 11:57:58,785 Kresna hadir pada 2025-04-17 11:57:58 (Terlambat)
2025-04-17 11:58:05,518 Marioe hadir pada 2025-04-17 11:58:05 (Terlambat)
2025-04-17 20:42:20,818 Immanuel hadir pada 2025-04-17 20:42:20 (Terlambat)
2025-04-17 20:42:23,167 Nailah hadir pada 2025-04-17 20:42:23 (Terlambat)
2025-04-17 20:42:24,730 Kresna hadir pada 2025-04-17 20:42:24 (Terlambat)
2025-04-17 20:42:29,631 Kresna hadir pada 2025-04-17 20:42:29 (Terlambat)
2025-04-17 20:42:31,158 Marioe hadir pada 2025-04-17 20:42:31 (Terlambat)
2025-04-17 20:42:35,155 Marioe hadir pada 2025-04-17 20:42:35 (Terlambat)
2025-04-17 20:42:41,283 Marioe hadir pada 2025-04-17 20:42:41 (Terlambat)
2025-04-17 20:42:47,007 Marioe hadir pada 2025-04-17 20:42:47 (Terlambat)
2025-04-17 20:59:01,677 Nailah hadir pada 2025-04-17 20:59:01 (Terlambat)
2025-04-17 20:59:03,194 Marioe hadir pada 2025-04-17 20:59:03 (Terlambat)
2025-04-17 20:59:10,293 Marioe hadir pada 2025-04-17 20:59:10 (Terlambat)
2025-04-17 20:59:16,612 Marioe hadir pada 2025-04-17 20:59:16 (Terlambat)
2025-04-17 21:04:58,260 Marioe hadir pada 2025-04-17 21:04:58 (Terlambat)
2025-04-17 21:43:04,225 Marioe hadir pada 2025-04-17 21:43:04 (Terlambat)
2025-04-17 22:27:10,031 Marioe hadir pada 2025-04-17 22:27:10 (Terlambat)
2025-04-17 22:27:25,876 Marioe hadir pada 2025-04-17 22:27:25 (Terlambat)
2025-04-17 22:29:06,102 Marioe hadir pada 2025-04-17 22:29:06 (Terlambat)
2025-04-17 22:39:35,218 Marioe hadir pada 2025-04-17 22:39:35 (Terlambat)
2025-04-17 22:44:21,636 Marioe hadir pada 2025-04-17 22:44:21 (Terlambat)
2025-04-17 22:53:37,347 Nailah hadir pada 2025-04-17 22:53:37 (Terlambat)
2025-04-17 22:53:39,744 Marioe hadir pada 2025-04-17 22:53:39 (Terlambat)
2025-04-17 22:53:44,499 Marioe hadir pada 2025-04-17 22:53:44 (Terlambat)
2025-04-17 23:02:48,870 Marioe Tri Wardhana hadir pada 2025-04-17 23:02:48 (Terlambat)
2025-04-17 23:06:11,041 Marioe Tri Wardhana hadir pada 2025-04-17 23:06:11 (Terlambat)
2025-04-17 23:06:24,521 Marioe Tri Wardhana hadir pada 2025-04-17 23:06:24 (Terlambat)
2025-04-17 23:06:32,329 Marioe Tri Wardhana hadir pada 2025-04-17 23:06:32 (Terlambat)
2025-04-17 23:06:41,540 Marioe Tri Wardhana hadir pada 2025-04-17 23:06:41 (Terlambat)
2025-04-17 23:08:22,404 Marioe Tri Wardhana hadir pada 2025-04-17 23:08:22 (Terlambat)
2025-04-17 23:08:30,713 Marioe Tri Wardhana hadir pada 2025-04-17 23:08:30 (Terlambat)
2025-04-17 23:10:41,537 Marioe Tri Wardhana hadir pada 2025-04-17 23:10:41 (Terlambat)
2025-04-17 23:13:01,937 Marioe Tri Wardhana hadir pada 2025-04-17 23:13:01 (Terlambat)
2025-04-17 23:14:44,728 Ikhsan Nur IKhsan hadir pada 2025-04-17 23:14:44 (Terlambat)
2025-04-17 23:14:52,704 Ikhsan Nur IKhsan hadir pada 2025-04-17 23:14:52 (Terlambat)
2025-04-17 23:15:01,510 Marioe Tri Wardhana hadir pada 2025-04-17 23:15:01 (Terlambat)
2025-04-17 23:15:10,648 Ikhsan Nur IKhsan hadir pada 2025-04-17 23:15:10 (Terlambat)
2025-04-17 23:15:15,379 Marioe Tri Wardhana hadir pada 2025-04-17 23:15:15 (Terlambat)
2025-04-17 23:17:26,666 Marioe Tri Wardhana hadir pada 2025-04-17 23:17:26 (Terlambat)
2025-04-17 23:18:34,536 Marioe Tri Wardhana hadir pada 2025-04-17 23:18:34 (Terlambat)
2025-04-17 23:20:27,404 Marioe Tri Wardhana hadir pada 2025-04-17 23:20:27 (Terlambat)
2025-04-17 23:20:59,112 Marioe Tri Wardhana hadir pada 2025-04-17 23:20:59 (Terlambat)
2025-04-17 23:22:44,452 Marioe Tri Wardhana hadir pada 2025-04-17 23:22:44 (Terlambat)
2025-04-17 23:23:01,109 Marioe Tri Wardhana hadir pada 2025-04-17 23:23:01 (Terlambat)
2025-04-17 23:24:34,948 Marioe Tri Wardhana hadir pada 2025-04-17 23:24:34 (Terlambat)
2025-04-18 09:54:48,871 Marioe Tri Wardhana hadir pada 2025-04-18 09:54:48 (Terlambat)
2025-04-18 09:59:49,380 Marioe Tri Wardhana hadir pada 2025-04-18 09:59:49 (Terlambat)
2025-04-18 10:00:16,023 Marioe Tri Wardhana hadir pada 2025-04-18 10:00:16 (Terlambat)
2025-04-18 10:00:49,760 Marioe Tri Wardhana hadir pada 2025-04-18 10:00:49 (Terlambat)
2025-04-18 10:09:21,700 Marioe Tri Wardhana hadir pada 2025-04-18 10:09:21 (Terlambat)
2025-04-18 10:39:11,203 Marioe Tri Wardhana hadir pada 2025-04-18 10:39:11 (Terlambat)
2025-04-18 10:39:35,938 Marioe Tri Wardhana hadir pada 2025-04-18 10:39:35 (Tepat Waktu)
2025-04-18 10:40:01,377 Marioe Tri Wardhana hadir pada 2025-04-18 10:40:01 (Terlambat)
2025-04-18 11:01:46,329 Marioe Tri Wardhana hadir pada 2025-04-18 11:01:46 (Terlambat)
2025-04-19 20:00:53,959 Marioe Tri Wardhana hadir pada 2025-04-19 20:00:53 (Terlambat)
2025-04-19 20:02:01,050 Kimie hadir pada 2025-04-19 20:02:01 (Terlambat)
2025-04-19 20:02:19,989 Marioe Tri Wardhana hadir pada 2025-04-19 20:02:19 (Terlambat)
2025-04-19 20:02:38,182 Marioe Tri Wardhana hadir pada 2025-04-19 20:02:38 (Terlambat)
2025-04-19 20:02:52,096 Kimie hadir pada 2025-04-19 20:02:52 (Terlambat)
2025-04-19 20:02:58,143 Marioe Tri Wardhana hadir pada 2025-04-19 20:02:58 (Terlambat)
2025-04-19 22:18:25,859 Marioe Tri Wardhana hadir pada 2025-04-19 22:18:25 (Terlambat)
2025-04-19 22:18:29,827 Tiara hadir pada 2025-04-19 22:18:29 (Terlambat)
2025-04-19 22:18:31,889 Eruna hadir pada 2025-04-19 22:18:31 (Terlambat)
2025-04-19 22:18:47,205 Kimie hadir pada 2025-04-19 22:18:47 (Terlambat)
2025-04-20 22:05:53,614 Marioe Tri Wardhana hadir pada 2025-04-20 22:05:53 (Terlambat)
2025-04-20 22:05:59,654 Marioe Tri Wardhana hadir pada 2025-04-20 22:05:59 (Terlambat)
2025-04-20 22:08:00,993 Marioe Tri Wardhana hadir pada 2025-04-20 22:08:00 (Terlambat)
2025-04-20 22:08:12,899 Marioe Tri Wardhana hadir pada 2025-04-20 22:08:12 (Terlambat)
2025-04-20 22:41:06,059 Marioe Tri Wardhana hadir pada 2025-04-20 22:41:06 (Terlambat)
2025-04-20 22:47:23,065 Marioe Tri Wardhana hadir pada 2025-04-20 22:47:23 (Terlambat)
2025-04-20 22:47:36,472 Marioe Tri Wardhana hadir pada 2025-04-20 22:47:36 (Terlambat)
2025-04-20 22:47:56,924 Eruna hadir pada 2025-04-20 22:47:56 (Terlambat)
2025-04-20 22:48:24,912 Kimie hadir pada 2025-04-20 22:48:24 (Terlambat)
2025-04-20 22:48:40,192 Marioe Tri Wardhana hadir pada 2025-04-20 22:48:40 (Terlambat)
2025-04-20 22:48:50,885 Tiara hadir pada 2025-04-20 22:48:50 (Terlambat)
2025-04-20 22:49:25,394 Marioe Tri Wardhana hadir pada 2025-04-20 22:49:25 (Terlambat)
2025-04-20 22:49:39,602 Kimie hadir pada 2025-04-20 22:49:39 (Terlambat)
2025-04-20 22:49:47,509 Eruna hadir pada 2025-04-20 22:49:47 (Terlambat)
2025-04-20 22:51:20,462 Kimie hadir pada 2025-04-20 22:51:20 (Terlambat)
2025-04-20 22:51:28,135 Eruna hadir pada 2025-04-20 22:51:28 (Terlambat)
2025-04-20 22:51:39,473 Marioe Tri Wardhana hadir pada 2025-04-20 22:51:39 (Terlambat)
2025-04-20 22:58:00,355 Tiara hadir pada 2025-04-20 22:58:00 (Terlambat)
2025-04-20 22:58:09,496 Kimie hadir pada 2025-04-20 22:58:09 (Terlambat)
2025-04-20 22:58:15,625 Marioe Tri Wardhana hadir pada 2025-04-20 22:58:15 (Terlambat)
2025-04-20 22:58:23,267 Eruna hadir pada 2025-04-20 22:58:23 (Terlambat)
2025-04-21 10:04:57,460 Marioe Tri Wardhana hadir pada 2025-04-21 10:04:57 (Terlambat)
2025-04-21 10:05:27,015 Kimie hadir pada 2025-04-21 10:05:27 (Terlambat)
2025-04-21 10:05:36,436 Eruna hadir pada 2025-04-21 10:05:36 (Terlambat)
2025-04-21 13:01:58,711 Marioe Tri Wardhana hadir pada 2025-04-21 13:01:58 (Terlambat)
2025-04-21 13:02:07,349 Marioe Tri Wardhana hadir pada 2025-04-21 13:02:07 (Terlambat)
2025-04-21 13:02:30,814 Marioe Tri Wardhana hadir pada 2025-04-21 13:02:30 (Terlambat)
2025-04-21 13:04:42,228 Marioe Tri Wardhana hadir pada 2025-04-21 13:04:42 (Terlambat)
2025-04-21 19:44:41,525 Marioe Tri Wardhana hadir pada 2025-04-21 19:44:41 (Terlambat)
2025-04-21 19:44:50,801 Marioe Tri Wardhana hadir pada 2025-04-21 19:44:50 (Terlambat)
2025-04-21 19:45:24,571 Kimie hadir pada 2025-04-21 19:45:24 (Terlambat)
2025-04-21 19:45:32,269 Eruna hadir pada 2025-04-21 19:45:32 (Terlambat)
2025-04-21 19:45:45,206 Tiara hadir pada 2025-04-21 19:45:45 (Terlambat)
2025-04-21 19:46:16,815 Marioe Tri Wardhana hadir pada 2025-04-21 19:46:16 (Terlambat)
2025-04-21 19:46:26,330 Eruna hadir pada 2025-04-21 19:46:26 (Terlambat)
2025-04-21 19:46:36,445 Kimie hadir pada 2025-04-21 19:46:36 (Terlambat)
2025-04-22 09:57:22,681 Marioe Tri Wardhana hadir pada 2025-04-22 09:57:22 (Terlambat)
2025-04-22 09:57:46,934 Marioe Tri Wardhana hadir pada 2025-04-22 09:57:46 (Terlambat)
2025-04-22 09:58:19,077 Marioe Tri Wardhana hadir pada 2025-04-22 09:58:19 (Terlambat)
2025-04-22 10:20:14,191 Marioe Tri Wardhana hadir pada 2025-04-22 10:20:14 (Terlambat)
2025-04-22 10:20:34,744 Kimie hadir pada 2025-04-22 10:20:34 (Terlambat)
2025-04-22 10:22:07,154 Marioe hadir pada 2025-04-22 10:22:07 (Terlambat)
2025-04-22 10:22:49,130 Marioe hadir pada 2025-04-22 10:22:49 (Terlambat)
2025-04-22 10:23:10,084 Eruna hadir pada 2025-04-22 10:23:10 (Terlambat)
2025-04-22 10:23:17,447 Tiara hadir pada 2025-04-22 10:23:17 (Terlambat)
2025-04-22 10:23:29,102 Kimie hadir pada 2025-04-22 10:23:29 (Terlambat)
2025-04-22 21:03:40,414 Andra hadir pada 2025-04-22 21:03:40 (Terlambat)
2025-04-22 21:04:18,907 Andra hadir pada 2025-04-22 21:04:18 (Terlambat)
2025-04-22 21:04:25,413 Marioe hadir pada 2025-04-22 21:04:25 (Terlambat)
2025-04-22 21:05:35,583 Nana hadir pada 2025-04-22 21:05:35 (Terlambat)
2025-04-22 21:08:33,253 Nailah hadir pada 2025-04-22 21:08:33 (Terlambat)
2025-04-22 21:12:58,176 Andra hadir pada 2025-04-22 21:12:58 (Terlambat)
2025-04-22 21:13:30,061 Marioe hadir pada 2025-04-22 21:13:30 (Terlambat)
2025-04-22 21:13:46,640 Nailah hadir pada 2025-04-22 21:13:46 (Terlambat)
2025-04-22 21:14:10,463 Andra hadir pada 2025-04-22 21:14:10 (Terlambat)
2025-04-22 21:14:28,169 Andra hadir pada 2025-04-22 21:14:28 (Terlambat)
2025-04-22 21:14:48,708 Tiara hadir pada 2025-04-22 21:14:48 (Terlambat)
2025-04-22 21:15:03,117 Andra hadir pada 2025-04-22 21:15:03 (Terlambat)
2025-04-22 21:15:20,076 Marioe hadir pada 2025-04-22 21:15:20 (Terlambat)
2025-04-22 21:16:24,880 Marioe hadir pada 2025-04-22 21:16:24 (Terlambat)
2025-04-22 21:16:35,289 Nailah hadir pada 2025-04-22 21:16:35 (Terlambat)
2025-04-22 21:16:41,443 Andra hadir pada 2025-04-22 21:16:41 (Terlambat)
2025-04-22 21:17:40,786 Nailah hadir pada 2025-04-22 21:17:40 (Terlambat)
2025-04-22 21:17:42,942 Andra hadir pada 2025-04-22 21:17:42 (Terlambat)
2025-04-22 21:18:06,181 Tiara hadir pada 2025-04-22 21:18:06 (Terlambat)
2025-04-22 21:18:31,251 Andra hadir pada 2025-04-22 21:18:31 (Terlambat)
2025-04-22 21:18:59,370 Andra hadir pada 2025-04-22 21:18:59 (Terlambat)
2025-04-22 21:19:28,446 Nailah hadir pada 2025-04-22 21:19:28 (Terlambat)
2025-04-22 21:19:50,850 Marioe hadir pada 2025-04-22 21:19:50 (Terlambat)
2025-04-22 21:20:31,345 Marioe hadir pada 2025-04-22 21:20:31 (Terlambat)
2025-04-22 21:20:42,797 Marioe hadir pada 2025-04-22 21:20:42 (Terlambat)
2025-04-22 21:23:33,467 Marioe hadir pada 2025-04-22 21:23:33 (Terlambat)
2025-04-22 21:23:44,049 Marioe hadir pada 2025-04-22 21:23:44 (Terlambat)
2025-04-22 21:24:39,619 Marioe hadir pada 2025-04-22 21:24:39 (Terlambat)
2025-04-22 21:24:48,114 Andra hadir pada 2025-04-22 21:24:48 (Terlambat)
2025-04-22 21:25:55,851 Nailah hadir pada 2025-04-22 21:25:55 (Terlambat)
2025-04-22 21:26:10,172 Andra hadir pada 2025-04-22 21:26:10 (Terlambat)
2025-04-22 21:26:13,701 Marioe hadir pada 2025-04-22 21:26:13 (Terlambat)
2025-04-22 21:26:38,753 Andra hadir pada 2025-04-22 21:26:38 (Terlambat)
2025-04-22 21:26:53,413 Nailah hadir pada 2025-04-22 21:26:53 (Terlambat)
2025-04-22 21:27:09,547 Marioe hadir pada 2025-04-22 21:27:09 (Terlambat)
2025-04-22 21:28:04,748 Marioe hadir pada 2025-04-22 21:28:04 (Terlambat)
2025-04-22 21:28:10,853 Marioe hadir pada 2025-04-22 21:28:10 (Terlambat)
2025-04-22 21:30:02,353 Tiara hadir pada 2025-04-22 21:30:02 (Terlambat)
2025-04-22 21:30:08,122 Marioe hadir pada 2025-04-22 21:30:08 (Terlambat)
2025-04-22 21:30:13,962 Marioe hadir pada 2025-04-22 21:30:13 (Terlambat)
2025-04-22 21:30:24,254 Marioe hadir pada 2025-04-22 21:30:24 (Terlambat)
2025-04-22 21:30:26,137 Eruna hadir pada 2025-04-22 21:30:26 (Terlambat)
2025-04-22 21:32:03,661 Marioe hadir pada 2025-04-22 21:32:03 (Terlambat)
2025-04-22 21:35:38,274 Marioe hadir pada 2025-04-22 21:35:38 (Terlambat)
2025-04-22 21:36:22,121 Marioe hadir pada 2025-04-22 21:36:22 (Terlambat)
2025-04-22 21:36:56,628 Tiara hadir pada 2025-04-22 21:36:56 (Terlambat)
2025-04-22 21:36:58,593 Marioe hadir pada 2025-04-22 21:36:58 (Terlambat)
2025-04-22 21:41:35,399 Marioe hadir pada 2025-04-22 21:41:35 (Terlambat)
2025-04-22 22:05:11,198 Marioe hadir pada 2025-04-22 22:05:11 (Terlambat)
2025-04-22 22:05:17,634 Marioe hadir pada 2025-04-22 22:05:17 (Terlambat)
2025-04-23 10:23:43,040 Marioe hadir pada 2025-04-23 10:23:43 (Terlambat)
2025-04-23 10:24:03,430 Marioe hadir pada 2025-04-23 10:24:03 (Terlambat)
2025-04-23 10:24:32,315 Marioe hadir pada 2025-04-23 10:24:32 (Terlambat)
2025-04-23 10:25:11,957 Marioe hadir pada 2025-04-23 10:25:11 (Terlambat)
2025-04-23 10:25:50,846 Marioe hadir pada 2025-04-23 10:25:50 (Terlambat)
2025-04-23 10:26:02,265 Eruna hadir pada 2025-04-23 10:26:02 (Terlambat)
2025-04-23 10:45:49,327 Marioe hadir pada 2025-04-23 10:45:49 (Terlambat)
2025-04-23 10:46:05,616 Tiara hadir pada 2025-04-23 10:46:05 (Terlambat)
2025-04-23 10:46:12,057 Kimie hadir pada 2025-04-23 10:46:12 (Terlambat)
2025-04-23 10:46:17,277 Eruna hadir pada 2025-04-23 10:46:17 (Terlambat)
2025-04-23 10:47:23,112 Andra hadir pada 2025-04-23 10:47:23 (Terlambat)
2025-04-23 10:47:33,194 Nailah hadir pada 2025-04-23 10:47:33 (Terlambat)
2025-04-23 10:47:41,678 Marioe hadir pada 2025-04-23 10:47:41 (Terlambat)
2025-04-23 10:47:46,703 Andra hadir pada 2025-04-23 10:47:46 (Terlambat)
2025-04-23 10:49:23,002 Nailah hadir pada 2025-04-23 10:49:23 (Terlambat)
2025-04-23 10:49:31,258 Marioe hadir pada 2025-04-23 10:49:31 (Terlambat)
2025-04-23 10:49:40,388 Andra hadir pada 2025-04-23 10:49:40 (Terlambat)
2025-04-23 10:50:15,653 Marioe hadir pada 2025-04-23 10:50:15 (Terlambat)
2025-04-23 10:50:27,865 Andra hadir pada 2025-04-23 10:50:27 (Terlambat)
2025-04-23 11:23:38,582 Marioe hadir pada 2025-04-23 11:23:38 (Terlambat)
2025-04-23 11:23:53,969 Tiara hadir pada 2025-04-23 11:23:53 (Terlambat)
2025-04-23 11:24:02,337 Kimie hadir pada 2025-04-23 11:24:02 (Terlambat)
2025-04-23 11:24:11,192 Eruna hadir pada 2025-04-23 11:24:11 (Terlambat)
2025-04-23 11:30:57,646 Marioe hadir pada 2025-04-23 11:30:57 (Terlambat)
2025-04-23 11:31:16,560 Tiara hadir pada 2025-04-23 11:31:16 (Terlambat)
2025-04-23 11:31:23,780 Marioe hadir pada 2025-04-23 11:31:23 (Terlambat)
2025-04-23 11:31:31,251 Tiara hadir pada 2025-04-23 11:31:31 (Terlambat)
2025-04-23 11:31:48,386 Kimie hadir pada 2025-04-23 11:31:48 (Terlambat)
2025-04-23 11:31:55,876 Eruna hadir pada 2025-04-23 11:31:55 (Terlambat)
2025-04-23 11:32:08,359 Marioe hadir pada 2025-04-23 11:32:08 (Terlambat)
2025-04-23 11:42:02,282 Marioe hadir pada 2025-04-23 11:42:02 (Terlambat)
2025-04-23 11:42:28,811 Tiara hadir pada 2025-04-23 11:42:28 (Terlambat)
2025-04-23 11:42:42,771 Kimie hadir pada 2025-04-23 11:42:42 (Terlambat)
2025-04-23 11:42:47,949 Eruna hadir pada 2025-04-23 11:42:47 (Terlambat)
2025-04-23 11:43:54,905 Tiara hadir pada 2025-04-23 11:43:54 (Terlambat)
2025-04-23 11:44:54,558 Marioe hadir pada 2025-04-23 11:44:54 (Terlambat)
2025-04-23 11:45:11,146 Tiara hadir pada 2025-04-23 11:45:11 (Terlambat)
2025-04-23 11:45:21,581 Kimie hadir pada 2025-04-23 11:45:21 (Terlambat)
2025-04-23 11:45:27,253 Eruna hadir pada 2025-04-23 11:45:27 (Terlambat)
2025-04-23 11:45:42,681 Kimie hadir pada 2025-04-23 11:45:42 (Terlambat)
2025-04-23 11:45:48,269 Eruna hadir pada 2025-04-23 11:45:48 (Terlambat)
2025-04-23 11:45:55,717 Tiara hadir pada 2025-04-23 11:45:55 (Terlambat)
2025-04-23 11:46:04,010 Tiara hadir pada 2025-04-23 11:46:04 (Terlambat)
2025-04-23 11:46:12,528 Kimie hadir pada 2025-04-23 11:46:12 (Terlambat)
2025-04-23 11:46:18,703 Eruna hadir pada 2025-04-23 11:46:18 (Terlambat)
2025-04-23 11:54:56,559 Marioe hadir pada 2025-04-23 11:54:56 (Terlambat)
2025-04-23 11:55:14,869 Tiara hadir pada 2025-04-23 11:55:14 (Terlambat)
2025-04-23 11:55:26,820 Andra hadir pada 2025-04-23 11:55:26 (Terlambat)
2025-04-23 11:55:35,116 Kimie hadir pada 2025-04-23 11:55:35 (Terlambat)
2025-04-23 11:55:40,586 Eruna hadir pada 2025-04-23 11:55:40 (Terlambat)
2025-04-23 11:56:59,780 Marioe hadir pada 2025-04-23 11:56:59 (Terlambat)
2025-04-23 11:57:07,616 Tiara hadir pada 2025-04-23 11:57:07 (Terlambat)
2025-04-23 11:57:14,505 Andra hadir pada 2025-04-23 11:57:14 (Terlambat)
2025-04-23 11:57:22,187 Kimie hadir pada 2025-04-23 11:57:22 (Terlambat)
2025-04-23 11:57:27,677 Eruna hadir pada 2025-04-23 11:57:27 (Terlambat)
2025-04-23 11:57:36,197 Tiara hadir pada 2025-04-23 11:57:36 (Terlambat)
2025-04-23 11:57:52,979 Kimie hadir pada 2025-04-23 11:57:52 (Terlambat)
2025-04-23 11:57:57,233 Eruna hadir pada 2025-04-23 11:57:57 (Terlambat)
2025-04-23 11:58:15,800 Marioe hadir pada 2025-04-23 11:58:15 (Terlambat)
2025-04-23 11:58:22,213 Tiara hadir pada 2025-04-23 11:58:22 (Terlambat)
2025-04-23 11:58:29,498 Andra hadir pada 2025-04-23 11:58:29 (Terlambat)
2025-04-23 11:58:35,422 Kimie hadir pada 2025-04-23 11:58:35 (Terlambat)
2025-04-23 11:58:39,769 Eruna hadir pada 2025-04-23 11:58:39 (Terlambat)
2025-04-23 13:14:24,569 Kimie hadir pada 2025-04-23 13:14:24 (Terlambat)
2025-04-23 13:14:51,258 Marioe hadir pada 2025-04-23 13:14:51 (Terlambat)
2025-04-23 13:15:36,786 Kimie hadir pada 2025-04-23 13:15:36 (Terlambat)
2025-04-23 13:16:39,577 Marioe hadir pada 2025-04-23 13:16:39 (Terlambat)
2025-04-23 13:17:04,439 Marioe hadir pada 2025-04-23 13:17:04 (Terlambat)
2025-04-23 14:04:13,425 Marioe hadir pada 2025-04-23 14:04:13 (Terlambat)
2025-04-23 15:34:19,206 Marioe hadir pada 2025-04-23 15:34:19 (Terlambat)
2025-04-23 15:34:40,780 Tiara hadir pada 2025-04-23 15:34:40 (Terlambat)
2025-04-23 15:34:47,855 Kimie hadir pada 2025-04-23 15:34:47 (Terlambat)
2025-04-23 15:34:53,723 Eruna hadir pada 2025-04-23 15:34:53 (Terlambat)
2025-04-23 15:35:37,496 Andra hadir pada 2025-04-23 15:35:37 (Terlambat)
2025-04-23 15:35:46,754 Nailah hadir pada 2025-04-23 15:35:46 (Terlambat)
2025-04-23 15:36:16,874 Andra hadir pada 2025-04-23 15:36:16 (Terlambat)
2025-04-23 15:36:42,521 Marioe hadir pada 2025-04-23 15:36:42 (Terlambat)
2025-04-23 15:47:15,915 Marioe hadir pada 2025-04-23 15:47:15 (Terlambat)
2025-04-23 15:47:37,547 Tiara hadir pada 2025-04-23 15:47:37 (Terlambat)
2025-04-23 15:47:47,444 Kimie hadir pada 2025-04-23 15:47:47 (Terlambat)
2025-04-23 15:47:52,819 Eruna hadir pada 2025-04-23 15:47:52 (Terlambat)
2025-04-23 15:48:00,596 Ikhsan Nur IKhsan hadir pada 2025-04-23 15:48:00 (Terlambat)
2025-04-23 15:49:51,582 Marioe Tri Wardhana hadir pada 2025-04-23 15:49:51 (Terlambat)
2025-04-23 15:50:10,034 Tiara hadir pada 2025-04-23 15:50:10 (Terlambat)
2025-04-23 15:50:16,397 Kimie hadir pada 2025-04-23 15:50:16 (Terlambat)
2025-04-23 15:50:21,792 Eruna hadir pada 2025-04-23 15:50:21 (Terlambat)
2025-04-23 15:53:49,899 Marioe Tri Wardhana hadir pada 2025-04-23 15:53:49 (Terlambat)
2025-04-23 15:54:09,548 Tiara hadir pada 2025-04-23 15:54:09 (Terlambat)
2025-04-23 15:54:29,465 Kimie hadir pada 2025-04-23 15:54:29 (Terlambat)
2025-04-23 15:54:34,992 Eruna hadir pada 2025-04-23 15:54:34 (Terlambat)
2025-04-23 15:59:02,073 Marioe Tri Wardhana hadir pada 2025-04-23 15:59:02 (Terlambat)
2025-04-23 15:59:20,350 Tiara hadir pada 2025-04-23 15:59:20 (Terlambat)
2025-04-23 15:59:26,230 Eruna hadir pada 2025-04-23 15:59:26 (Terlambat)
2025-04-23 15:59:32,793 Kimie hadir pada 2025-04-23 15:59:32 (Terlambat)
2025-04-23 16:10:44,765 Yobel hadir pada 2025-04-23 16:10:44 (Terlambat)
2025-04-23 16:10:52,345 Immanuel hadir pada 2025-04-23 16:10:52 (Terlambat)
2025-04-23 16:11:13,162 Immanuel hadir pada 2025-04-23 16:11:13 (Terlambat)
2025-04-23 16:12:02,644 Immanuel hadir pada 2025-04-23 16:12:02 (Terlambat)
2025-04-23 16:12:18,419 Marioe Tri Wardhana hadir pada 2025-04-23 16:12:18 (Terlambat)
2025-04-23 16:12:19,202 Marioe Tri Wardhana hadir pada 2025-04-23 16:12:19 (Terlambat)
2025-04-23 16:13:01,990 Marioe Tri Wardhana hadir pada 2025-04-23 16:13:01 (Terlambat)
2025-04-23 16:13:05,325 Immanuel hadir pada 2025-04-23 16:13:05 (Terlambat)
2025-04-23 16:14:26,555 Immanuel hadir pada 2025-04-23 16:14:26 (Terlambat)
2025-04-23 16:14:27,310 Marioe Tri Wardhana hadir pada 2025-04-23 16:14:27 (Terlambat)
2025-04-23 16:15:41,193 Marioe Tri Wardhana hadir pada 2025-04-23 16:15:41 (Terlambat)
2025-04-23 16:15:41,924 Marioe Tri Wardhana hadir pada 2025-04-23 16:15:41 (Terlambat)
2025-04-23 16:34:27,747 Marioe Tri Wardhana hadir pada 2025-04-23 16:34:27 (Terlambat)
2025-04-23 16:35:03,429 Tiara hadir pada 2025-04-23 16:35:03 (Terlambat)
2025-04-23 16:35:10,547 Kimie hadir pada 2025-04-23 16:35:10 (Terlambat)
2025-04-23 16:35:15,644 Eruna hadir pada 2025-04-23 16:35:15 (Terlambat)
2025-04-23 18:33:09,774 Nailah hadir pada 2025-04-23 18:33:09 (Terlambat)
2025-04-23 18:33:15,747 Andra hadir pada 2025-04-23 18:33:15 (Terlambat)
2025-04-23 18:33:23,446 Yobel hadir pada 2025-04-23 18:33:23 (Terlambat)
2025-04-23 18:33:28,710 Marioe Tri Wardhana hadir pada 2025-04-23 18:33:28 (Terlambat)
2025-04-23 18:33:47,879 Tiara hadir pada 2025-04-23 18:33:47 (Terlambat)
2025-04-23 18:33:55,310 Kimie hadir pada 2025-04-23 18:33:55 (Terlambat)
2025-04-23 18:34:00,314 Eruna hadir pada 2025-04-23 18:34:00 (Terlambat)
2025-04-23 18:34:14,145 Tiara hadir pada 2025-04-23 18:34:14 (Terlambat)
2025-04-23 18:34:21,634 Kimie hadir pada 2025-04-23 18:34:21 (Terlambat)
2025-04-23 18:34:31,365 Marioe Tri Wardhana hadir pada 2025-04-23 18:34:31 (Terlambat)
2025-04-23 18:34:39,597 Eruna hadir pada 2025-04-23 18:34:39 (Terlambat)
2025-04-23 18:35:00,908 Andra hadir pada 2025-04-23 18:35:00 (Terlambat)
2025-04-23 18:35:06,667 Nailah hadir pada 2025-04-23 18:35:06 (Terlambat)
2025-04-23 18:36:06,501 Andra hadir pada 2025-04-23 18:36:06 (Terlambat)
2025-04-23 18:36:14,893 Nailah hadir pada 2025-04-23 18:36:14 (Terlambat)
2025-04-23 18:36:20,775 Marioe Tri Wardhana hadir pada 2025-04-23 18:36:20 (Terlambat)
2025-04-23 18:36:32,565 Tiara hadir pada 2025-04-23 18:36:32 (Terlambat)
2025-04-23 18:36:39,823 Kimie hadir pada 2025-04-23 18:36:39 (Terlambat)
2025-04-23 18:36:45,149 Eruna hadir pada 2025-04-23 18:36:45 (Terlambat)
2025-04-23 21:29:41,646 Tiara hadir pada 2025-04-23 21:29:41 (Terlambat)
2025-04-23 21:29:50,404 Kimie hadir pada 2025-04-23 21:29:50 (Terlambat)
2025-04-23 21:29:54,581 Eruna hadir pada 2025-04-23 21:29:54 (Terlambat)
2025-04-23 21:30:11,805 Andra hadir pada 2025-04-23 21:30:11 (Terlambat)
2025-04-23 21:30:16,596 Nailah hadir pada 2025-04-23 21:30:16 (Terlambat)
2025-04-23 21:30:54,444 Nailah hadir pada 2025-04-23 21:30:54 (Terlambat)
2025-04-23 21:31:23,814 Nailah hadir pada 2025-04-23 21:31:23 (Terlambat)
2025-04-23 21:31:57,390 Nadifa hadir pada 2025-04-23 21:31:57 (Terlambat)
2025-04-23 21:32:19,210 Andra hadir pada 2025-04-23 21:32:19 (Terlambat)
2025-04-23 21:32:30,777 Marioe Tri Wardhana hadir pada 2025-04-23 21:32:30 (Terlambat)
2025-04-23 21:33:03,007 Tiara hadir pada 2025-04-23 21:33:03 (Terlambat)
2025-04-23 21:33:20,742 Kimie hadir pada 2025-04-23 21:33:20 (Terlambat)
2025-04-23 21:33:26,225 Eruna hadir pada 2025-04-23 21:33:26 (Terlambat)
2025-04-23 21:33:49,976 Andra hadir pada 2025-04-23 21:33:49 (Terlambat)
2025-04-23 21:34:11,115 Nailah hadir pada 2025-04-23 21:34:11 (Terlambat)
2025-04-23 21:34:22,380 Nailah hadir pada 2025-04-23 21:34:22 (Terlambat)
2025-04-23 21:34:31,981 Eruna hadir pada 2025-04-23 21:34:31 (Terlambat)
2025-04-23 21:34:37,005 Kimie hadir pada 2025-04-23 21:34:37 (Terlambat)
2025-04-23 21:34:46,502 Tiara hadir pada 2025-04-23 21:34:46 (Terlambat)
2025-04-23 21:34:52,081 Marioe Tri Wardhana hadir pada 2025-04-23 21:34:52 (Terlambat)
2025-04-23 21:35:38,946 Andra hadir pada 2025-04-23 21:35:38 (Terlambat)
2025-04-23 21:35:53,727 Andra hadir pada 2025-04-23 21:35:53 (Terlambat)
2025-04-23 21:35:58,343 Nailah hadir pada 2025-04-23 21:35:58 (Terlambat)
2025-04-23 21:36:06,209 Nailah hadir pada 2025-04-23 21:36:06 (Terlambat)
2025-04-23 21:36:11,126 Andra hadir pada 2025-04-23 21:36:11 (Terlambat)
2025-04-23 21:36:16,601 Marioe Tri Wardhana hadir pada 2025-04-23 21:36:16 (Terlambat)
2025-04-23 21:40:18,559 Marioe Tri Wardhana hadir pada 2025-04-23 21:40:18 (Terlambat)
2025-04-23 21:40:25,320 Tiara hadir pada 2025-04-23 21:40:25 (Terlambat)
2025-04-23 21:40:42,321 Kimie hadir pada 2025-04-23 21:40:42 (Terlambat)
2025-04-23 21:40:51,571 Eruna hadir pada 2025-04-23 21:40:51 (Terlambat)
2025-04-23 21:41:43,843 Andra hadir pada 2025-04-23 21:41:43 (Terlambat)
2025-04-23 21:42:27,716 Tiara hadir pada 2025-04-23 21:42:27 (Terlambat)
2025-04-23 21:42:36,947 Kimie hadir pada 2025-04-23 21:42:36 (Terlambat)
2025-04-23 21:42:41,728 Eruna hadir pada 2025-04-23 21:42:41 (Terlambat)
2025-04-23 21:42:47,877 Marioe Tri Wardhana hadir pada 2025-04-23 21:42:47 (Terlambat)
2025-04-23 21:43:10,983 Nailah hadir pada 2025-04-23 21:43:10 (Terlambat)
2025-04-23 21:43:15,851 Andra hadir pada 2025-04-23 21:43:15 (Terlambat)
2025-04-23 21:43:24,184 Andra hadir pada 2025-04-23 21:43:24 (Terlambat)
2025-04-23 21:43:30,660 Nailah hadir pada 2025-04-23 21:43:30 (Terlambat)
2025-04-23 21:43:39,481 Nailah hadir pada 2025-04-23 21:43:39 (Terlambat)
2025-04-23 21:43:44,289 Andra hadir pada 2025-04-23 21:43:44 (Terlambat)
2025-04-23 21:50:15,899 Marioe Tri Wardhana hadir pada 2025-04-23 21:50:15 (Terlambat)
2025-04-23 21:51:01,025 Marioe Tri Wardhana hadir pada 2025-04-23 21:51:01 (Terlambat)
2025-04-23 21:55:39,803 Tiara hadir pada 2025-04-23 21:55:39 (Terlambat)
2025-04-23 21:55:50,209 Kimie hadir pada 2025-04-23 21:55:50 (Terlambat)
2025-04-23 22:25:42,885 Marioe Tri Wardhana hadir pada 2025-04-23 22:25:42 (Terlambat)
2025-04-23 22:26:01,936 Andra hadir pada 2025-04-23 22:26:01 (Terlambat)
2025-04-23 22:26:10,031 Nailah hadir pada 2025-04-23 22:26:10 (Terlambat)
2025-04-23 22:26:18,036 Marioe Tri Wardhana hadir pada 2025-04-23 22:26:18 (Terlambat)
2025-04-23 22:26:24,406 Andra hadir pada 2025-04-23 22:26:24 (Terlambat)
2025-04-23 22:26:32,055 Nailah hadir pada 2025-04-23 22:26:32 (Terlambat)
2025-04-23 22:26:47,406 Nailah hadir pada 2025-04-23 22:26:47 (Terlambat)
2025-04-23 22:26:54,396 Marioe Tri Wardhana hadir pada 2025-04-23 22:26:54 (Terlambat)
2025-04-23 22:26:59,312 Nailah hadir pada 2025-04-23 22:26:59 (Terlambat)
2025-04-23 22:27:12,395 Tiara hadir pada 2025-04-23 22:27:12 (Terlambat)
2025-04-23 22:27:22,179 Andra hadir pada 2025-04-23 22:27:22 (Terlambat)
2025-04-23 22:27:29,415 Marioe Tri Wardhana hadir pada 2025-04-23 22:27:29 (Terlambat)
2025-04-23 22:27:35,068 Nailah hadir pada 2025-04-23 22:27:35 (Terlambat)
2025-04-23 22:27:53,917 Kimie hadir pada 2025-04-23 22:27:53 (Terlambat)
2025-04-23 22:27:59,749 Tiara hadir pada 2025-04-23 22:27:59 (Terlambat)
2025-04-23 22:28:04,027 Eruna hadir pada 2025-04-23 22:28:04 (Terlambat)
2025-04-23 22:28:20,205 Andra hadir pada 2025-04-23 22:28:20 (Terlambat)
2025-04-23 22:28:28,804 Marioe Tri Wardhana hadir pada 2025-04-23 22:28:28 (Terlambat)
2025-04-23 22:28:57,652 Tiara hadir pada 2025-04-23 22:28:57 (Terlambat)
2025-04-23 22:29:04,998 Kimie hadir pada 2025-04-23 22:29:04 (Terlambat)
2025-04-23 22:29:19,257 Nailah hadir pada 2025-04-23 22:29:19 (Terlambat)
2025-04-23 22:29:33,068 Andra hadir pada 2025-04-23 22:29:33 (Terlambat)
2025-04-23 22:29:45,854 Eruna hadir pada 2025-04-23 22:29:45 (Terlambat)
2025-04-24 17:18:20,114 Marioe Tri Wardhana hadir pada 2025-04-24 17:18:20 (Terlambat)
2025-04-24 17:18:30,606 Tiara hadir pada 2025-04-24 17:18:30 (Terlambat)
2025-04-24 17:18:46,702 Kimie hadir pada 2025-04-24 17:18:46 (Terlambat)
2025-04-24 17:18:51,542 Eruna hadir pada 2025-04-24 17:18:51 (Terlambat)
2025-04-24 17:19:12,012 Nailah hadir pada 2025-04-24 17:19:12 (Terlambat)
2025-04-24 17:19:41,929 Andra hadir pada 2025-04-24 17:19:41 (Terlambat)
2025-04-24 17:19:51,726 Nailah hadir pada 2025-04-24 17:19:51 (Terlambat)
2025-04-24 17:19:56,037 Andra hadir pada 2025-04-24 17:19:56 (Terlambat)
2025-04-24 17:20:00,312 Marioe Tri Wardhana hadir pada 2025-04-24 17:20:00 (Terlambat)
2025-04-24 17:42:55,853 Marioe Tri Wardhana hadir pada 2025-04-24 17:42:55 (Terlambat)
2025-04-24 17:43:22,580 Nailah hadir pada 2025-04-24 17:43:22 (Terlambat)
2025-04-24 17:43:36,258 Andra hadir pada 2025-04-24 17:43:36 (Terlambat)
2025-04-24 17:43:52,379 Immanuel hadir pada 2025-04-24 17:43:52 (Terlambat)
2025-04-24 17:44:13,241 Nailah hadir pada 2025-04-24 17:44:13 (Terlambat)
2025-04-24 17:44:18,614 Andra hadir pada 2025-04-24 17:44:18 (Terlambat)
2025-04-24 17:44:43,674 Marioe Tri Wardhana hadir pada 2025-04-24 17:44:43 (Terlambat)
2025-04-24 17:45:24,837 Tiara hadir pada 2025-04-24 17:45:24 (Terlambat)
2025-04-24 17:45:41,844 Kimie hadir pada 2025-04-24 17:45:41 (Terlambat)
2025-04-24 17:45:46,962 Eruna hadir pada 2025-04-24 17:45:46 (Terlambat)
2025-04-24 17:56:20,116 Marioe Tri Wardhana hadir pada 2025-04-24 17:56:20 (Terlambat)
2025-04-24 17:56:49,608 Ikhsan Nur IKhsan hadir pada 2025-04-24 17:56:49 (Terlambat)
2025-04-24 17:56:59,692 Tiara hadir pada 2025-04-24 17:56:59 (Terlambat)
2025-04-24 17:57:09,982 Andra hadir pada 2025-04-24 17:57:09 (Terlambat)
2025-04-24 17:57:20,920 Andra hadir pada 2025-04-24 17:57:20 (Terlambat)
2025-04-24 18:00:31,364 Marioe Tri Wardhana hadir pada 2025-04-24 18:00:31 (Terlambat)
2025-04-24 18:01:09,136 Andra hadir pada 2025-04-24 18:01:09 (Terlambat)
2025-04-24 18:02:09,838 Nailah hadir pada 2025-04-24 18:02:09 (Terlambat)
2025-04-24 18:02:14,291 Andra hadir pada 2025-04-24 18:02:14 (Terlambat)
2025-04-24 18:02:47,395 Tiara hadir pada 2025-04-24 18:02:47 (Terlambat)
2025-04-24 18:03:01,641 Eruna hadir pada 2025-04-24 18:03:01 (Terlambat)
2025-04-24 18:03:08,336 Kimie hadir pada 2025-04-24 18:03:08 (Terlambat)
2025-04-24 18:03:46,364 Marioe Tri Wardhana hadir pada 2025-04-24 18:03:46 (Terlambat)
2025-04-24 19:06:01,729 Nailah hadir pada 2025-04-24 19:06:01 (Terlambat)
2025-04-24 19:06:10,252 Andra hadir pada 2025-04-24 19:06:10 (Terlambat)
2025-04-24 19:06:19,705 Marioe Tri Wardhana hadir pada 2025-04-24 19:06:19 (Terlambat)
2025-04-24 19:06:29,920 Tiara hadir pada 2025-04-24 19:06:29 (Terlambat)
2025-04-24 19:06:56,582 Kimie hadir pada 2025-04-24 19:06:56 (Terlambat)
2025-04-24 19:07:03,245 Eruna hadir pada 2025-04-24 19:07:03 (Terlambat)
2025-04-24 19:08:41,606 Marioe Tri Wardhana hadir pada 2025-04-24 19:08:41 (Terlambat)
2025-04-24 19:08:53,083 Nailah hadir pada 2025-04-24 19:08:53 (Terlambat)
2025-04-24 19:09:38,133 Andra hadir pada 2025-04-24 19:09:38 (Terlambat)
2025-04-24 19:14:35,202 Marioe Tri Wardhana hadir pada 2025-04-24 19:14:35 (Terlambat)
2025-04-24 19:14:53,846 Nailah hadir pada 2025-04-24 19:14:53 (Terlambat)
2025-04-24 19:15:13,612 Andra hadir pada 2025-04-24 19:15:13 (Terlambat)
2025-04-24 19:15:31,421 Tiara hadir pada 2025-04-24 19:15:31 (Terlambat)
2025-04-24 19:15:39,291 Kimie hadir pada 2025-04-24 19:15:39 (Terlambat)
2025-04-24 19:15:45,875 Eruna hadir pada 2025-04-24 19:15:45 (Terlambat)
